
ROM used: 1436 (18%)
          1436 (18%) including unused fragments

          2 Average locations per line
          16 Average locations per statement

RAM used: 18 (5%) at main() level
          50 (14%) worst case

Stack used: 6 worst case (out of 8 total available)

Lines Stmts  %   Files
----- ----- ---  -----
   30    15  16  LM35.c
  425     0   0  C:\Program Files (x86)\PICC\Devices\16F887.h
  184     0   0  C:\Program Files (x86)\PICC\Devices\def_887.h
  211    77  84  C:\Program Files (x86)\PICC\Devices\i2c_Flex_LCD.c
----- -----
  850    92 Total

Page ROM  %  RAM   Vol Diff  Functions:
---- --- --- ---   --- ----  ----------
0     20   1   1             @delay_ms1
0     92   6   1             @I2C_WRITE_1
0     10   1   1    63  2.3  lcd_backlight_led
0     81   6   3   574  5.9  i2c_send_nibble
0     82   6   3   149  2.8  lcd_send_byte
0     10   1   0    61  1.9  lcd_clear
0      8   1   0             @const236
0    128   9   5   902  5.8  lcd_init
0     56   4   7   681  8.0  lcd_gotoxy
0     38   3   1   310  5.9  LCD_PUTC
0    175  12   4   485  3.7  MAIN
0     31   2   2             @ITOF
0    117   8  13             @MULFF
0    204  14  14             @DIVFF
0      9   1   0             @const261
0     72   5   3             @PSTRINGC7_246
 Inline        5             @FTOSD
0     66   5  13             @DIV3232
0    233  16  13             @PRINTF_L32D_246FPFPF

Program metrics:
    Functions               8
    Statements              92
    Comments                184
    Volume (V)              4781
    Difficilty (D)          36.0
    Effort to implement (E) 171889
    Time to implement (T)   2 hours, 39 minutes
    Est Delivered Bugs (B)  1
    Cyclomatic Complexity   17
    Maintainability (MI)    143

 Segment     Used  Free
-----------  ----  ----
00000-00003     4  0  
00004-007FF  1432  612  
00800-00FFF     0  2048  
01000-017FF     0  2048  
01800-01FFF     0  2048  



