CCS PCM C Compiler, Version 4.104, 5967               29-Nov-23 13:01

               Filename: D:\UNIVERSITY\NAM_4_2023_2024\HKI\DA_KTDK\CODE_TEST\LM35\LM35.lst

               ROM used: 1436 words (18%)
                         Largest free fragment is 2048
               RAM used: 18 (5%) at main() level
                         50 (14%) worst case
               Stack:    6 locations

*
0000:  MOVLW  04
0001:  MOVWF  0A
0002:  GOTO   4ED
0003:  NOP
.................... #include <16F887.h> 
.................... //////// Standard Header file for the PIC16F887 device //////////////// 
.................... #device PIC16F887 
.................... #list 
....................  
.................... #include <def_887.h> 
.................... // register definitions 
....................  
.................... #define W 0 
.................... #define F 1 
....................  
.................... // register files 
.................... #byte INDF          =0x00 
.................... #byte TMR0          =0x01 
.................... #byte PCL           =0x02 
.................... #byte STATUS        =0x03 
.................... #byte FSR           =0x04 
.................... #byte PORTA         =0x05 
.................... #byte PORTB         =0x06 
.................... #byte PORTC         =0x07 
.................... #byte PORTD         =0x08 
.................... #byte PORTE         =0x09 
....................  
.................... #byte EEDATA        =0x10C 
.................... #byte EEADR         =0x10D 
.................... #byte EEDATH        =0x10E 
.................... #byte EEADRH         =0x10F 
.................... #byte ADCON0     =0x1F 
.................... #byte ADCON1     =0x9F 
.................... #byte ADRESH     =0x9F 
.................... #byte ADSESL     =0x9F 
....................  
.................... #byte PCLATH        =0x0a 
.................... #byte INTCON        =0x0b 
.................... #byte PIR1    =0x0c 
.................... #byte PIR2    =0x0d 
.................... #byte PIE1    =0x8c 
.................... #byte PIE2    =0x8d 
....................  
.................... #byte OPTION_REG    =0x81 
.................... #byte TRISA         =0x85 
.................... #byte TRISB         =0x86 
.................... #byte TRISC         =0x87 
.................... #byte TRISD         =0x88 
.................... #byte TRISE         =0x89 
....................  
.................... #byte EECON1        =0x18C 
.................... #byte EECON2        =0x18D 
....................  
.................... //DINH NGHIA BIT 
.................... #bit ra5   =0x05.5 
.................... #bit ra4   =0x05.4 
.................... #bit ra3   =0x05.3 
.................... #bit ra2   =0x05.2 
.................... #bit ra1   =0x05.1 
.................... #bit ra0   =0x05.0 
....................  
.................... #bit rb7   =0x06.7 
.................... #bit rb6   =0x06.6 
.................... #bit rb5   =0x06.5 
.................... #bit rb4   =0x06.4 
.................... #bit rb3   =0x06.3 
.................... #bit rb2   =0x06.2 
.................... #bit rb1   =0x06.1 
.................... #bit rb0   =0x06.0 
....................  
.................... #bit rC7   =0x07.7 
.................... #bit rC6   =0x07.6 
.................... #bit rC5   =0x07.5 
.................... #bit rC4   =0x07.4 
.................... #bit rC3   =0x07.3 
.................... #bit rC2   =0x07.2 
.................... #bit rC1   =0x07.1 
.................... #bit rC0   =0x07.0 
....................  
.................... #bit rD7   =0x08.7 
.................... #bit rD6   =0x08.6 
.................... #bit rD5   =0x08.5 
.................... #bit rD4   =0x08.4 
.................... #bit rD3   =0x08.3 
.................... #bit rD2   =0x08.2 
.................... #bit rD1   =0x08.1 
.................... #bit rD0   =0x08.0 
....................  
.................... #bit rE2   =0x09.2 
.................... #bit rE1   =0x09.1 
.................... #bit rE0   =0x09.0 
....................  
....................  
.................... #bit trisa5   =0x85.5 
.................... #bit trisa4   =0x85.4 
.................... #bit trisa3   =0x85.3 
.................... #bit trisa2   =0x85.2 
.................... #bit trisa1   =0x85.1 
.................... #bit trisa0   =0x85.0 
....................  
.................... #bit trisb7   =0x86.7 
.................... #bit trisb6   =0x86.6 
.................... #bit trisb5   =0x86.5 
.................... #bit trisb4   =0x86.4 
.................... #bit trisb3   =0x86.3 
.................... #bit trisb2   =0x86.2 
.................... #bit trisb1   =0x86.1 
.................... #bit trisb0   =0x86.0 
....................  
.................... #bit trisc7   =0x87.7 
.................... #bit trisc6   =0x87.6 
.................... #bit trisc5   =0x87.5 
.................... #bit trisc4   =0x87.4 
.................... #bit trisc3   =0x87.3 
.................... #bit trisc2   =0x87.2 
.................... #bit trisc1   =0x87.1 
.................... #bit trisc0   =0x87.0 
....................  
.................... #bit trisd7   =0x88.7 
.................... #bit trisd6   =0x88.6 
.................... #bit trisd5   =0x88.5 
.................... #bit trisd4   =0x88.4 
.................... #bit trisd3   =0x88.3 
.................... #bit trisd2   =0x88.2 
.................... #bit trisd1   =0x88.1 
.................... #bit trisd0   =0x88.0 
....................  
.................... #bit trise2   =0x89.2 
.................... #bit trise1   =0x89.1 
.................... #bit trise0   =0x89.0 
....................  
.................... // INTCON Bits for C 
.................... #bit gie    = 0x0b.7 
.................... #bit peie = 0x0b.6 
.................... #bit tmr0ie = 0x0b.5 
.................... #bit int0ie = 0x0b.4 
.................... #bit rbie   = 0x0b.3 
.................... #bit tmr0if    = 0x0b.2 
.................... #bit int0if    = 0x0b.1 
.................... #bit rbif    = 0x0b.0 
....................  
.................... // PIR1 for C 
.................... #bit pspif  = 0x0c.7 
.................... #bit adif    = 0x0c.6 
.................... #bit rcif    = 0x0c.5 
.................... #bit txif    = 0x0c.4 
.................... #bit sspif    = 0x0c.3 
.................... #bit ccp1if    = 0x0c.2 
.................... #bit tmr2if    = 0x0c.1 
.................... #bit tmr1if    = 0x0c.0 
....................  
.................... //PIR2 for C 
.................... #bit cmif    = 0x0d.6 
.................... #bit eeif    = 0x0d.4 
.................... #bit bclif  = 0x0d.3 
.................... #bit ccp2if    = 0x0d.0 
....................  
.................... // PIE1 for C 
.................... #bit adie    = 0x8c.6 
.................... #bit rcie    = 0x8c.5 
.................... #bit txie    = 0x8c.4 
.................... #bit sspie    = 0x8c.3 
.................... #bit ccp1ie    = 0x8c.2 
.................... #bit tmr2ie    = 0x8c.1 
.................... #bit tmr1ie    = 0x8c.0 
....................  
.................... //PIE2 for C 
.................... #bit osfie    = 0x8d.7 
.................... #bit cmie    = 0x8d.6 
.................... #bit eeie   = 0x8d.4 
....................  
.................... // OPTION Bits 
.................... #bit not_rbpu   = 0x81.7 
.................... #bit intedg     = 0x81.6 
.................... #bit t0cs       = 0x81.5 
.................... #bit t0se       = 0x81.4 
.................... #bit psa        = 0x81.3 
.................... #bit ps2        = 0x81.2 
.................... #bit ps1        = 0x81.1 
.................... #bit ps0        = 0x81.0 
....................  
.................... // EECON1 Bits 
.................... #bit eepgd   = 0x18c.7 
.................... #bit free      = 0x18C.4 
.................... #bit wrerr     = 0x18C.3 
.................... #bit wren       = 0x18C.2 
.................... #bit wr         = 0x18C.1 
.................... #bit rd         = 0x18C.0 
....................  
.................... //ADCON0 
.................... #bit CHS0    =0x1F.3 
.................... #bit CHS1    =0x1F.4 
.................... #bit CHS2    =0x1F.5 
....................  
.................... #device *=16 ADC=10 //Khai bao dung bo ADC 10bit 
.................... #fuses HS,NOWDT,NOPROTECT,NOLVP 
.................... #use delay(clock=20000000) 
*
0015:  MOVLW  3F
0016:  MOVWF  04
0017:  BCF    03.7
0018:  MOVF   00,W
0019:  BTFSC  03.2
001A:  GOTO   028
001B:  MOVLW  06
001C:  MOVWF  78
001D:  CLRF   77
001E:  DECFSZ 77,F
001F:  GOTO   01E
0020:  DECFSZ 78,F
0021:  GOTO   01D
0022:  MOVLW  7B
0023:  MOVWF  77
0024:  DECFSZ 77,F
0025:  GOTO   024
0026:  DECFSZ 00,F
0027:  GOTO   01B
0028:  RETURN
.................... #use i2c(Master,Fast=100000, sda=PIN_C4, scl=PIN_C3,force_sw) 
0029:  MOVLW  08
002A:  MOVWF  78
002B:  MOVLW  04
002C:  MOVWF  77
002D:  DECFSZ 77,F
002E:  GOTO   02D
002F:  BCF    07.3
0030:  BCF    20.3
0031:  MOVF   20,W
0032:  BSF    03.5
0033:  MOVWF  07
0034:  MOVLW  03
0035:  MOVWF  77
0036:  DECFSZ 77,F
0037:  GOTO   036
0038:  BCF    03.5
0039:  RLF    4C,F
003A:  BCF    07.4
003B:  BTFSS  03.0
003C:  GOTO   043
003D:  BSF    20.4
003E:  MOVF   20,W
003F:  BSF    03.5
0040:  MOVWF  07
0041:  GOTO   047
0042:  BCF    03.5
0043:  BCF    20.4
0044:  MOVF   20,W
0045:  BSF    03.5
0046:  MOVWF  07
0047:  NOP
0048:  BCF    03.5
0049:  BSF    20.3
004A:  MOVF   20,W
004B:  BSF    03.5
004C:  MOVWF  07
004D:  BCF    03.5
004E:  BTFSS  07.3
004F:  GOTO   04E
0050:  DECFSZ 78,F
0051:  GOTO   02B
0052:  MOVLW  04
0053:  MOVWF  77
0054:  DECFSZ 77,F
0055:  GOTO   054
0056:  BCF    07.3
0057:  BCF    20.3
0058:  MOVF   20,W
0059:  BSF    03.5
005A:  MOVWF  07
005B:  NOP
005C:  BCF    03.5
005D:  BSF    20.4
005E:  MOVF   20,W
005F:  BSF    03.5
0060:  MOVWF  07
0061:  MOVLW  03
0062:  MOVWF  77
0063:  DECFSZ 77,F
0064:  GOTO   063
0065:  MOVLW  03
0066:  MOVWF  77
0067:  DECFSZ 77,F
0068:  GOTO   067
0069:  BCF    03.5
006A:  BSF    20.3
006B:  MOVF   20,W
006C:  BSF    03.5
006D:  MOVWF  07
006E:  BCF    03.5
006F:  BTFSS  07.3
0070:  GOTO   06F
0071:  CLRF   78
0072:  MOVLW  03
0073:  MOVWF  77
0074:  DECFSZ 77,F
0075:  GOTO   074
0076:  BTFSC  07.4
0077:  BSF    78.0
0078:  BCF    07.3
0079:  BCF    20.3
007A:  MOVF   20,W
007B:  BSF    03.5
007C:  MOVWF  07
007D:  BCF    03.5
007E:  BCF    07.4
007F:  BCF    20.4
0080:  MOVF   20,W
0081:  BSF    03.5
0082:  MOVWF  07
0083:  BCF    03.5
0084:  RETURN
.................... #include <i2c_Flex_LCD.c> 
.................... //-----------------------------------------------------------------------------  
.................... // Title:         i2c_Flex_LCD  
.................... // Description:   Driver for common LCD with 1/2/3 or 4 rows by 1...20 columns  
.................... //                using PCF8574T interface board with I2C protocol.  
.................... // Date:          Nov-2013  
.................... // Ver.Rev.:      1.1  
.................... // Author:        Hugo Silva (sergio-hugo@bol.com.br) #Based on the routines of  
.................... //                "20X4_LCD_I2C_DRIVER.h" from Pumrin S. and "lcd4_i2c.c" from XP8100  
.................... //-----------------------------------------------------------------------------  
.................... //  
.................... // lcd_init() Must be called before any other function.  
.................... //  
.................... // lcd_putc(c) Will display c on the next position of the LCD.  
.................... //   
.................... //     \f Clear LCD display  
.................... //     \n Set write position on next lcd line  
.................... //     \b LCD backspace  
.................... //     lcd_gotoxy(x,y) Set write position on LCD (upper left is 1,1)  
.................... //  
.................... // lcd_backlight_led(ON)/lcd_backlight_led(OFF) = Turn ON/OFF LCD Backlight LED  
.................... //  
.................... //-----------------------------------------------------------------------------  
.................... // LCD pins D0-D3 are not used.  
.................... //-----------------------------------------------------------------------------  
.................... //  
.................... // Comment   : Control of a compatible LCD (1...4 rows by 1...4 columns) from  
.................... //              a bus I2C with an EXPANDER of I/O with connection I2C.  
.................... //              The tests of these routines have been programmed using the IC  
.................... //              Phillips PCF8574T. I've used 4 bits mode programming.  
.................... //              The 8 bits mode programming is possible if you use 2 x PCF8574T.  
.................... //              RW Pin is not being used.  
.................... //  
.................... // As defined in the following structure the pin connection is as follows:  
.................... //  
.................... //  PCF8574P     LCD  
.................... //  ========     ======  
.................... //     P0        RS  
.................... //     P1        RW    (Not used!)  
.................... //     P2        Enable   
.................... //     P3        Led Backlight  
.................... //     P4        D4  
.................... //     P5        D5  
.................... //     P6        D6  
.................... //     P7        D7  
.................... //  
.................... //  The SCL and SDA pins should be pull-up resistor as shown below:  
.................... //  
.................... //             +5v  
.................... //               |  
.................... //               <  
.................... //               > 4.7K         
.................... //               <           
.................... //To PIC         |          To i2c slave  
.................... //pin xx ------------------ SDA pin   
.................... //(SDA)                       
.................... //              +5v  
.................... //               |  
.................... //               <  
.................... //               > 4.7K         
.................... //               <           
.................... //To PIC         |          To i2c slave  
.................... //pin xx ------------------ SCL pin   
.................... //(SCL)  
.................... //  
.................... //To PIC                    To i2c slave  
.................... //Vss pin ----------------- Vss or ground pin   
.................... //                |  
.................... //              -----  
.................... //               ---  Ground  
.................... //                -   
.................... //   
.................... // THIS DOCUMENT IS PROVIDED TO THE USER "AS IS"  
.................... //-----------------------------------------------------------------------------  
.................... byte LCD_ADDR ;//             0x4E        //I2C slave address for LCD module  
.................... byte lcd_total_rows ;//       2           //Number of rows: 1,2,3 or 4  
.................... byte lcd_total_columns ;//    16          //Number of columns: 1...20    
....................  
.................... #define RS                    0b00000001  //P0 - PCF8574T Pin connected to RS  
.................... #define RW                    0b00000010  //P1 - PCF8574T Pin connected to RW  
.................... #define ENABLE                0b00000100  //P2 - PCF8574T Pin connected to EN  
.................... #define LCD_BACKLIGHT         0b00001000  //P3 - PCF8574T Pin connected to BACKLIGHT LED  
....................  
.................... #define addr_row_one          0x00        //LCD RAM address for row 1  
.................... #define addr_row_two          0x40        //LCD RAM address for row 2  
.................... #define addr_row_three        0x14        //LCD RAM address for row 3  
.................... #define addr_row_four         0x54        //LCD RAM address for row 4  
....................  
.................... #define ON                    1  
.................... #define OFF                   0  
.................... #define NOT                   ~  
.................... #define data_shifted          data<<4  
.................... int8 new_row_request=1, BACKLIGHT_LED=LCD_BACKLIGHT;  
....................  
.................... void lcd_backlight_led(byte bl)  
.................... {   
....................       If (bl) BACKLIGHT_LED=LCD_BACKLIGHT; else BACKLIGHT_LED=OFF;  
*
01B2:  MOVF   31,F
01B3:  BTFSC  03.2
01B4:  GOTO   1B8
01B5:  MOVLW  08
01B6:  MOVWF  25
01B7:  GOTO   1B9
01B8:  CLRF   25
.................... }  
01B9:  BCF    0A.3
01BA:  BCF    0A.4
01BB:  GOTO   512 (RETURN)
....................  
.................... void i2c_send_nibble(byte data, byte type)  
.................... {     
....................    switch (type)  
....................    {       
*
0085:  MOVF   4A,W
0086:  XORLW  00
0087:  BTFSC  03.2
0088:  GOTO   08D
0089:  XORLW  01
008A:  BTFSC  03.2
008B:  GOTO   0B0
008C:  GOTO   0D5
....................       case 0 :       
....................       i2c_write(data_shifted | BACKLIGHT_LED);  
008D:  SWAPF  49,W
008E:  MOVWF  77
008F:  MOVLW  F0
0090:  ANDWF  77,F
0091:  MOVF   77,W
0092:  IORWF  25,W
0093:  MOVWF  4B
0094:  MOVWF  4C
0095:  CALL   029
....................       delay_cycles(1);  
0096:  NOP
....................       i2c_write(data_shifted | ENABLE | BACKLIGHT_LED );  
0097:  SWAPF  49,W
0098:  MOVWF  77
0099:  MOVLW  F0
009A:  ANDWF  77,F
009B:  MOVF   77,W
009C:  IORLW  04
009D:  IORWF  25,W
009E:  MOVWF  4B
009F:  MOVWF  4C
00A0:  CALL   029
....................       delay_us(2);  
00A1:  MOVLW  03
00A2:  MOVWF  77
00A3:  DECFSZ 77,F
00A4:  GOTO   0A3
....................       i2c_write(data_shifted & NOT ENABLE | BACKLIGHT_LED);  
00A5:  SWAPF  49,W
00A6:  MOVWF  77
00A7:  MOVLW  F0
00A8:  ANDWF  77,F
00A9:  MOVF   77,W
00AA:  ANDLW  FB
00AB:  IORWF  25,W
00AC:  MOVWF  4B
00AD:  MOVWF  4C
00AE:  CALL   029
....................       break;  
00AF:  GOTO   0D5
....................        
....................       case 1 :  
....................       i2c_write(data_shifted | RS | BACKLIGHT_LED);  
00B0:  SWAPF  49,W
00B1:  MOVWF  77
00B2:  MOVLW  F0
00B3:  ANDWF  77,F
00B4:  MOVF   77,W
00B5:  IORLW  01
00B6:  IORWF  25,W
00B7:  MOVWF  4B
00B8:  MOVWF  4C
00B9:  CALL   029
....................       delay_cycles(1);  
00BA:  NOP
....................       i2c_write(data_shifted | RS | ENABLE | BACKLIGHT_LED );  
00BB:  SWAPF  49,W
00BC:  MOVWF  77
00BD:  MOVLW  F0
00BE:  ANDWF  77,F
00BF:  MOVF   77,W
00C0:  IORLW  01
00C1:  IORLW  04
00C2:  IORWF  25,W
00C3:  MOVWF  4B
00C4:  MOVWF  4C
00C5:  CALL   029
....................       delay_us(2);  
00C6:  MOVLW  03
00C7:  MOVWF  77
00C8:  DECFSZ 77,F
00C9:  GOTO   0C8
....................       i2c_write(data_shifted | RS | BACKLIGHT_LED);  
00CA:  SWAPF  49,W
00CB:  MOVWF  77
00CC:  MOVLW  F0
00CD:  ANDWF  77,F
00CE:  MOVF   77,W
00CF:  IORLW  01
00D0:  IORWF  25,W
00D1:  MOVWF  4B
00D2:  MOVWF  4C
00D3:  CALL   029
....................       break;  
00D4:  GOTO   0D5
....................    }  
.................... }  
00D5:  RETURN
....................      
.................... void lcd_send_byte(byte data, byte type)  
....................    {  
....................         i2c_start();  
00D6:  BSF    20.4
00D7:  MOVF   20,W
00D8:  BSF    03.5
00D9:  MOVWF  07
00DA:  MOVLW  04
00DB:  MOVWF  77
00DC:  DECFSZ 77,F
00DD:  GOTO   0DC
00DE:  BCF    03.5
00DF:  BSF    20.3
00E0:  MOVF   20,W
00E1:  BSF    03.5
00E2:  MOVWF  07
00E3:  MOVLW  03
00E4:  MOVWF  77
00E5:  DECFSZ 77,F
00E6:  GOTO   0E5
00E7:  BCF    03.5
00E8:  BCF    07.4
00E9:  BCF    20.4
00EA:  MOVF   20,W
00EB:  BSF    03.5
00EC:  MOVWF  07
00ED:  MOVLW  04
00EE:  MOVWF  77
00EF:  DECFSZ 77,F
00F0:  GOTO   0EF
00F1:  BCF    03.5
00F2:  BCF    07.3
00F3:  BCF    20.3
00F4:  MOVF   20,W
00F5:  BSF    03.5
00F6:  MOVWF  07
....................         i2c_write(LCD_ADDR);  
00F7:  BCF    03.5
00F8:  MOVF   21,W
00F9:  MOVWF  4C
00FA:  CALL   029
....................         i2c_send_nibble(data >> 4 , type);  
00FB:  SWAPF  46,W
00FC:  MOVWF  48
00FD:  MOVLW  0F
00FE:  ANDWF  48,F
00FF:  MOVF   48,W
0100:  MOVWF  49
0101:  MOVF   47,W
0102:  MOVWF  4A
0103:  CALL   085
....................         i2c_send_nibble(data & 0xf , type);  
0104:  MOVF   46,W
0105:  ANDLW  0F
0106:  MOVWF  48
0107:  MOVWF  49
0108:  MOVF   47,W
0109:  MOVWF  4A
010A:  CALL   085
....................         i2c_stop();         
010B:  BCF    20.4
010C:  MOVF   20,W
010D:  BSF    03.5
010E:  MOVWF  07
010F:  NOP
0110:  BCF    03.5
0111:  BSF    20.3
0112:  MOVF   20,W
0113:  BSF    03.5
0114:  MOVWF  07
0115:  BCF    03.5
0116:  BTFSS  07.3
0117:  GOTO   116
0118:  MOVLW  04
0119:  MOVWF  77
011A:  DECFSZ 77,F
011B:  GOTO   11A
011C:  GOTO   11D
011D:  NOP
011E:  BSF    20.4
011F:  MOVF   20,W
0120:  BSF    03.5
0121:  MOVWF  07
0122:  MOVLW  04
0123:  MOVWF  77
0124:  DECFSZ 77,F
0125:  GOTO   124
....................    }  
0126:  BCF    03.5
0127:  RETURN
....................  
.................... void lcd_clear()  
.................... {   
....................         lcd_send_byte(0x01,0);  
0128:  MOVLW  01
0129:  MOVWF  46
012A:  CLRF   47
012B:  CALL   0D6
....................         delay_ms(2);  
012C:  MOVLW  02
012D:  MOVWF  3F
012E:  CALL   015
....................         new_row_request=1;  
012F:  MOVLW  01
0130:  MOVWF  24
.................... }  
0131:  RETURN
....................  
.................... void lcd_init(byte ADDR, byte col, byte row)  
.................... {  
....................    byte i; 
....................    byte CONST lcd_type=2;  // 0=5x7, 1=5x10, 2=2 lines  
....................    byte CONST LCD_INIT_STRING[4] = {0x20 | (lcd_type << 2), 0xc, 1, 6}; // These bytes need to be sent to the LCD to start it up. 
....................     
....................    LCD_ADDR =ADDR;//             0x4E        //I2C slave address for LCD module  
0132:  MOVF   31,W
0133:  MOVWF  21
....................    lcd_total_rows =row;//       2           //Number of rows: 1,2,3 or 4  
0134:  MOVF   33,W
0135:  MOVWF  22
....................    lcd_total_columns= col ; 
0136:  MOVF   32,W
0137:  MOVWF  23
....................    disable_interrupts(GLOBAL);  
0138:  BCF    0B.6
0139:  BCF    0B.7
013A:  BTFSC  0B.7
013B:  GOTO   139
....................    delay_ms(50); //LCD power up delay  
013C:  MOVLW  32
013D:  MOVWF  3F
013E:  CALL   015
....................      
....................    i2c_start();  
013F:  BSF    20.4
0140:  MOVF   20,W
0141:  BSF    03.5
0142:  MOVWF  07
0143:  MOVLW  04
0144:  MOVWF  77
0145:  DECFSZ 77,F
0146:  GOTO   145
0147:  BCF    03.5
0148:  BSF    20.3
0149:  MOVF   20,W
014A:  BSF    03.5
014B:  MOVWF  07
014C:  MOVLW  03
014D:  MOVWF  77
014E:  DECFSZ 77,F
014F:  GOTO   14E
0150:  BCF    03.5
0151:  BCF    07.4
0152:  BCF    20.4
0153:  MOVF   20,W
0154:  BSF    03.5
0155:  MOVWF  07
0156:  MOVLW  04
0157:  MOVWF  77
0158:  DECFSZ 77,F
0159:  GOTO   158
015A:  BCF    03.5
015B:  BCF    07.3
015C:  BCF    20.3
015D:  MOVF   20,W
015E:  BSF    03.5
015F:  MOVWF  07
....................    i2c_write(LCD_ADDR);  
0160:  BCF    03.5
0161:  MOVF   21,W
0162:  MOVWF  4C
0163:  CALL   029
....................       i2c_send_nibble(0x00,0);  
0164:  CLRF   49
0165:  CLRF   4A
0166:  CALL   085
....................       delay_ms(15);  
0167:  MOVLW  0F
0168:  MOVWF  3F
0169:  CALL   015
....................      
....................    for (i=1;i<=3;++i)     
016A:  MOVLW  01
016B:  MOVWF  34
016C:  MOVF   34,W
016D:  SUBLW  03
016E:  BTFSS  03.0
016F:  GOTO   179
....................    {  
....................       i2c_send_nibble(0x03,0);  
0170:  MOVLW  03
0171:  MOVWF  49
0172:  CLRF   4A
0173:  CALL   085
....................       delay_ms(5);  
0174:  MOVLW  05
0175:  MOVWF  3F
0176:  CALL   015
....................    }     
0177:  INCF   34,F
0178:  GOTO   16C
....................       i2c_send_nibble(0x02,0);  
0179:  MOVLW  02
017A:  MOVWF  49
017B:  CLRF   4A
017C:  CALL   085
....................       delay_ms(5);  
017D:  MOVLW  05
017E:  MOVWF  3F
017F:  CALL   015
....................    i2c_stop();  
0180:  BCF    20.4
0181:  MOVF   20,W
0182:  BSF    03.5
0183:  MOVWF  07
0184:  NOP
0185:  BCF    03.5
0186:  BSF    20.3
0187:  MOVF   20,W
0188:  BSF    03.5
0189:  MOVWF  07
018A:  BCF    03.5
018B:  BTFSS  07.3
018C:  GOTO   18B
018D:  MOVLW  04
018E:  MOVWF  77
018F:  DECFSZ 77,F
0190:  GOTO   18F
0191:  GOTO   192
0192:  NOP
0193:  BSF    20.4
0194:  MOVF   20,W
0195:  BSF    03.5
0196:  MOVWF  07
0197:  MOVLW  04
0198:  MOVWF  77
0199:  DECFSZ 77,F
019A:  GOTO   199
....................      
....................    for (i=0;i<=3;++i) {  
019B:  BCF    03.5
019C:  CLRF   34
019D:  MOVF   34,W
019E:  SUBLW  03
019F:  BTFSS  03.0
01A0:  GOTO   1AC
....................    lcd_send_byte(LCD_INIT_STRING[i],0);  
01A1:  MOVF   34,W
01A2:  CALL   004
01A3:  MOVWF  35
01A4:  MOVWF  46
01A5:  CLRF   47
01A6:  CALL   0D6
....................    delay_ms(5);  
01A7:  MOVLW  05
01A8:  MOVWF  3F
01A9:  CALL   015
....................    }  
01AA:  INCF   34,F
01AB:  GOTO   19D
....................    lcd_clear();  //Clear Display  
01AC:  CALL   128
....................    enable_interrupts(GLOBAL);  
01AD:  MOVLW  C0
01AE:  IORWF  0B,F
.................... }  
01AF:  BCF    0A.3
01B0:  BCF    0A.4
01B1:  GOTO   50F (RETURN)
....................  
.................... void lcd_gotoxy( byte x, byte y)  
.................... {  
.................... byte row,column,row_addr,lcd_address;  
.................... static char data;  
*
0507:  CLRF   26
....................  
....................    if (y>lcd_total_rows) row=lcd_total_rows; else row=y;  
*
031C:  MOVF   40,W
031D:  SUBWF  22,W
031E:  BTFSC  03.0
031F:  GOTO   323
0320:  MOVF   22,W
0321:  MOVWF  41
0322:  GOTO   325
0323:  MOVF   40,W
0324:  MOVWF  41
....................    
....................    switch(row)  
....................    {  
0325:  MOVF   41,W
0326:  XORLW  01
0327:  BTFSC  03.2
0328:  GOTO   333
0329:  XORLW  03
032A:  BTFSC  03.2
032B:  GOTO   335
032C:  XORLW  01
032D:  BTFSC  03.2
032E:  GOTO   338
032F:  XORLW  07
0330:  BTFSC  03.2
0331:  GOTO   33B
0332:  GOTO   33E
....................       case 1:  row_addr=addr_row_one;     break;  
0333:  CLRF   43
0334:  GOTO   340
....................       case 2:  row_addr=addr_row_two;     break;  
0335:  MOVLW  40
0336:  MOVWF  43
0337:  GOTO   340
....................       case 3:  row_addr=addr_row_three;   break;  
0338:  MOVLW  14
0339:  MOVWF  43
033A:  GOTO   340
....................       case 4:  row_addr=addr_row_four;    break;  
033B:  MOVLW  54
033C:  MOVWF  43
033D:  GOTO   340
....................       default: row_addr=addr_row_one;     break;   
033E:  CLRF   43
033F:  GOTO   340
....................    }   
....................      
....................    if (x>lcd_total_columns) column=lcd_total_columns; else column=x;   
0340:  MOVF   3F,W
0341:  SUBWF  23,W
0342:  BTFSC  03.0
0343:  GOTO   347
0344:  MOVF   23,W
0345:  MOVWF  42
0346:  GOTO   349
0347:  MOVF   3F,W
0348:  MOVWF  42
....................    lcd_address=(row_addr+(column-1));  
0349:  MOVLW  01
034A:  SUBWF  42,W
034B:  ADDWF  43,W
034C:  MOVWF  44
....................    lcd_send_byte(0x80|lcd_address,0);  
034D:  MOVF   44,W
034E:  IORLW  80
034F:  MOVWF  45
0350:  MOVWF  46
0351:  CLRF   47
0352:  CALL   0D6
.................... }  
0353:  RETURN
....................  
.................... //Display the character on LCD screen.  
.................... void LCD_PUTC(char in_data)  
.................... {     
....................   switch(in_data)  
....................    {   
0354:  MOVF   3E,W
0355:  XORLW  0C
0356:  BTFSC  03.2
0357:  GOTO   35F
0358:  XORLW  06
0359:  BTFSC  03.2
035A:  GOTO   361
035B:  XORLW  02
035C:  BTFSC  03.2
035D:  GOTO   36E
035E:  GOTO   373
....................      case '\f': lcd_clear();                       break;                 
035F:  CALL   128
0360:  GOTO   379
....................        
....................      case '\n':  
....................      new_row_request++;  
0361:  INCF   24,F
....................      if (new_row_request>lcd_total_rows) new_row_request=1;  
0362:  MOVF   24,W
0363:  SUBWF  22,W
0364:  BTFSC  03.0
0365:  GOTO   368
0366:  MOVLW  01
0367:  MOVWF  24
....................      lcd_gotoxy(1, new_row_request);  
0368:  MOVLW  01
0369:  MOVWF  3F
036A:  MOVF   24,W
036B:  MOVWF  40
036C:  CALL   31C
....................      break;  
036D:  GOTO   379
....................                    
....................      case '\b': lcd_send_byte(0x10,0);             break;  
036E:  MOVLW  10
036F:  MOVWF  46
0370:  CLRF   47
0371:  CALL   0D6
0372:  GOTO   379
....................          
....................      default: lcd_send_byte(in_data,1);            break;       
0373:  MOVF   3E,W
0374:  MOVWF  46
0375:  MOVLW  01
0376:  MOVWF  47
0377:  CALL   0D6
0378:  GOTO   379
....................        
....................    }  
.................... }  
0379:  RETURN
....................  
.................... Int16 adc; //Bien luu gia tri ADC doc duoc 
.................... void main() 
.................... { 
*
04ED:  CLRF   04
04EE:  BCF    03.7
04EF:  MOVLW  1F
04F0:  ANDWF  03,F
04F1:  MOVLW  01
04F2:  MOVWF  24
04F3:  MOVLW  08
04F4:  MOVWF  25
04F5:  BSF    03.5
04F6:  BSF    03.6
04F7:  MOVF   09,W
04F8:  ANDLW  C0
04F9:  MOVWF  09
04FA:  BCF    03.6
04FB:  BCF    1F.4
04FC:  BCF    1F.5
04FD:  MOVLW  00
04FE:  BSF    03.6
04FF:  MOVWF  08
0500:  BCF    03.5
0501:  CLRF   07
0502:  CLRF   08
0503:  CLRF   09
....................  
.................... lcd_init(0x4E,16,2);  //khoi dong lcd dia chi 0x4E 
*
0508:  MOVLW  4E
0509:  MOVWF  31
050A:  MOVLW  10
050B:  MOVWF  32
050C:  MOVLW  02
050D:  MOVWF  33
050E:  GOTO   132
.................... lcd_backlight_led(ON); //bat led nen lcd 
050F:  MOVLW  01
0510:  MOVWF  31
0511:  GOTO   1B2
.................... setup_adc(adc_clock_internal); //Thoi gian lay mau bang xung clock IC 
0512:  BSF    1F.6
0513:  BSF    1F.7
0514:  BSF    03.5
0515:  BSF    1F.7
0516:  BCF    03.5
0517:  BSF    1F.0
.................... Set_ADC_channel (0); //Chon chan A3 doc gia tri 
0518:  MOVLW  00
0519:  MOVWF  78
051A:  MOVF   1F,W
051B:  ANDLW  C3
051C:  IORWF  78,W
051D:  MOVWF  1F
.................... Delay_us(10); //Delay 10us thi moi su dung duoc ham read_ADC 
051E:  MOVLW  10
051F:  MOVWF  77
0520:  DECFSZ 77,F
0521:  GOTO   520
0522:  NOP
....................  
.................... while(true) 
.................... { 
.................... adc = read_adc(); //Doc gia tri ADC và gan vao bien ADC 
0523:  BSF    1F.1
0524:  BTFSC  1F.1
0525:  GOTO   524
0526:  BSF    03.5
0527:  MOVF   1E,W
0528:  BCF    03.5
0529:  MOVWF  27
052A:  MOVF   1E,W
052B:  MOVWF  28
.................... float vol = adc*5.0/1024.0; 
.................... float temp = vol*100.0; 
052C:  MOVF   28,W
052D:  MOVWF  32
052E:  MOVF   27,W
052F:  MOVWF  31
0530:  GOTO   1BC
0531:  MOVF   7A,W
0532:  MOVWF  41
0533:  MOVF   79,W
0534:  MOVWF  40
0535:  MOVF   78,W
0536:  MOVWF  3F
0537:  MOVF   77,W
0538:  MOVWF  3E
0539:  CLRF   45
053A:  CLRF   44
053B:  MOVLW  20
053C:  MOVWF  43
053D:  MOVLW  81
053E:  MOVWF  42
053F:  CALL   1DB
*
056B:  MOVF   7A,W
056C:  MOVWF  30
056D:  MOVF   79,W
056E:  MOVWF  2F
056F:  MOVF   78,W
0570:  MOVWF  2E
0571:  MOVF   77,W
0572:  MOVWF  2D
.................... lcd_gotoxy(1, 1); 
0573:  MOVLW  01
0574:  MOVWF  3F
0575:  MOVWF  40
0576:  CALL   31C
.................... delay_ms(100); 
0577:  MOVLW  64
0578:  MOVWF  3F
0579:  CALL   015
.................... printf(lcd_putc,"DO NHIET DO LM35"); 
057A:  MOVLW  0C
057B:  BSF    03.6
057C:  MOVWF  0D
057D:  MOVLW  00
057E:  MOVWF  0F
057F:  BCF    03.6
0580:  GOTO   37A
.................... lcd_gotoxy(6, 2); 
0581:  MOVLW  06
0582:  MOVWF  3F
0583:  MOVLW  02
0584:  MOVWF  40
0585:  CALL   31C
.................... printf(lcd_putc,"%.2f", temp); 
0586:  MOVLW  89
0587:  MOVWF  04
0588:  MOVF   30,W
0589:  MOVWF  34
058A:  MOVF   2F,W
058B:  MOVWF  33
058C:  MOVF   2E,W
058D:  MOVWF  32
058E:  MOVF   2D,W
058F:  MOVWF  31
0590:  MOVLW  02
0591:  MOVWF  35
0592:  GOTO   404
.................... delay_ms(1000); 
0593:  MOVLW  04
0594:  MOVWF  31
0595:  MOVLW  FA
0596:  MOVWF  3F
0597:  CALL   015
0598:  DECFSZ 31,F
0599:  GOTO   595
.................... } } 
059A:  GOTO   523
059B:  SLEEP

Configuration Fuses:
   Word  1: 2FE2   HS NOWDT PUT MCLR NOPROTECT NOCPD BROWNOUT IESO FCMEN NOLVP NODEBUG
   Word  2: 3FFF   NOWRT BORV40
