
ROM used: 110 (1%)
          110 (1%) including unused fragments

          0 Average locations per line
          3 Average locations per statement

RAM used: 14 (4%) at main() level
          14 (4%) worst case

Stack used: 1 worst case (out of 8 total available)

Lines Stmts  %   Files
----- ----- ---  -----
   24    10  24  ON_OFF_LED.c
  425     0   0  C:\Program Files (x86)\PICC\Devices\16f887.h
  184     0   0  C:\Program Files (x86)\PICC\Devices\def_887.h
   86    32  76  C:\Program Files (x86)\PICC\Devices\lcd_lib_4bit.c
   28     0   0  C:\Program Files (x86)\PICC\Drivers\stddef.h
----- -----
  747    42 Total

Page ROM  %  RAM   Vol Diff  Functions:
---- --- --- ---   --- ----  ----------
0     18  16   0   104  2.5  RDA_interrupt
0     43  39   0    69  1.9  MAIN

Program metrics:
    Functions               2
    Statements              42
    Comments                136
    Volume (V)              215
    Difficilty (D)          4.5
    Effort to implement (E) 957
    Time to implement (T)   1 minutes
    Est Delivered Bugs (B)  0
    Cyclomatic Complexity   2
    Maintainability (MI)    107

 Segment     Used  Free
-----------  ----  ----
00000-00003     4  0  
00004-00030    45  0  
00031-007FF    61  1938  
00800-00FFF     0  2048  
01000-017FF     0  2048  
01800-01FFF     0  2048  



