
ROM used: 875 (11%)
          875 (11%) including unused fragments

          1 Average locations per line
          9 Average locations per statement

RAM used: 22 (6%) at main() level
          47 (13%) worst case

Stack used: 8 worst case (out of 8 total available)

Lines Stmts  %   Files
----- ----- ---  -----
   35    16  17  NGAT_NGOAI.c
  326     0   0  C:\Program Files (x86)\PICC\Devices\16F877a.h
  184     0   0  C:\Program Files (x86)\PICC\Devices\DEF877A.H
  211    77  83  C:\Program Files (x86)\PICC\Devices\i2c_Flex_LCD.c
----- -----
  756    93 Total

Page ROM  %  RAM   Vol Diff  Functions:
---- --- --- ---   --- ----  ----------
0     20   2   1             @delay_ms1
0     92  11   1   104  1.7  @I2C_WRITE_1
0     10   1   1    63  2.3  lcd_backlight_led
0     81   9   3   574  5.9  i2c_send_nibble
0     82   9   3   149  2.8  lcd_send_byte
0     16   2   0    61  1.9  lcd_clear
0      8   1   0   320  2.7  @const237
0    158  18   5   902  5.8  lcd_init
0     56   6   7   681  8.0  lcd_gotoxy
0     38   4   1   310  5.9  LCD_PUTC
0     10   1   0    29  1.2  ext_isr
0     76   9   0   354  2.7  MAIN
0      8   1   0             @const253
0     72   8   3             @PSTRINGC7_247
0    101  12   9             @PRINTF_LU_247

Program metrics:
    Functions               11
    Statements              93
    Comments                171
    Volume (V)              5540
    Difficilty (D)          41.9
    Effort to implement (E) 232077
    Time to implement (T)   3 hours, 35 minutes
    Est Delivered Bugs (B)  1
    Cyclomatic Complexity   17
    Maintainability (MI)    95

 Segment     Used  Free
-----------  ----  ----
00000-00003     4  0  
00004-0002E    43  0  
0002F-007FF   828  1173  
00800-00FFF     0  2048  
01000-017FF     0  2048  
01800-01FFF     0  2048  



