Added Component: Designator=J0(JP20-C1T)
Added Component: Designator=J1(JP20-C1T)
Added Pin To Net: NetName=D2 Pin=J0-1
Added Pin To Net: NetName=D3 Pin=J0-2
Added Pin To Net: NetName=SDA Pin=J0-3
Added Pin To Net: NetName=C5 Pin=J0-4
Added Pin To Net: NetName=TX_IN Pin=J0-5
Added Pin To Net: NetName=RX_IN Pin=J0-6
Added Pin To Net: NetName=D4 Pin=J0-7
Added Pin To Net: NetName=D5 Pin=J0-8
Added Pin To Net: NetName=D6 Pin=J0-9
Added Pin To Net: NetName=D7 Pin=J0-10
Added Pin To Net: NetName=GND Pin=J0-11
Added Pin To Net: NetName=5V Pin=J0-12
Added Pin To Net: NetName=B0 Pin=J0-13
Added Pin To Net: NetName=B1 Pin=J0-14
Added Pin To Net: NetName=B2 Pin=J0-15
Added Pin To Net: NetName=B3 Pin=J0-16
Added Pin To Net: NetName=B4 Pin=J0-17
Added Pin To Net: NetName=B5 Pin=J0-18
Added Pin To Net: NetName=PGC Pin=J0-19
Added Pin To Net: NetName=PGD Pin=J0-20
Added Pin To Net: NetName=MCLR Pin=J1-1
Added Pin To Net: NetName=A0 Pin=J1-2
Added Pin To Net: NetName=A1 Pin=J1-3
Added Pin To Net: NetName=A2 Pin=J1-4
Added Pin To Net: NetName=A3 Pin=J1-5
Added Pin To Net: NetName=A4 Pin=J1-6
Added Pin To Net: NetName=A5 Pin=J1-7
Added Pin To Net: NetName=E0 Pin=J1-8
Added Pin To Net: NetName=E1 Pin=J1-9
Added Pin To Net: NetName=E2 Pin=J1-10
Added Pin To Net: NetName=5V Pin=J1-11
Added Pin To Net: NetName=GND Pin=J1-12
Added Pin To Net: NetName=C0 Pin=J1-15
Added Pin To Net: NetName=C1 Pin=J1-16
Added Pin To Net: NetName=C2 Pin=J1-17
Added Pin To Net: NetName=SCL Pin=J1-18
Added Pin To Net: NetName=D0 Pin=J1-19
Added Pin To Net: NetName=D1 Pin=J1-20
Change Net Name : Old Net Name=SCL New Net Name=C3
Change Net Name : Old Net Name=SDA New Net Name=C4
Added Member To Class: ClassName=SCHEMATIC Member=Component J0 JP20
Added Member To Class: ClassName=SCHEMATIC Member=Component J1 JP20
Added Room: Name=SCHEMATIC
