Added Component: Designator=L1(LED-5-RED)
Added Component: Designator=L2(LED-5-RED)
Added Component: Designator=L3(LED-5-RED)
Added Component: Designator=R3(RES-1/4W-SMALL)
Added Component: Designator=R4(RES-1/4W-SMALL)
Added Component: Designator=R5(RES-1/4W-SMALL)
Added Pin To Net: NetName=GND Pin=L1-2
Added Pin To Net: NetName=GND Pin=L2-2
Added Pin To Net: NetName=GND Pin=L3-2
Added Pin To Net: NetName=E0 Pin=IC1-8
Added Pin To Net: NetName=E0 Pin=R3-1
Added Net: Name=E0
Added Pin To Net: NetName=E1 Pin=IC1-9
Added Pin To Net: NetName=E1 Pin=R4-1
Added Net: Name=E1
Added Pin To Net: NetName=E2 Pin=IC1-10
Added Pin To Net: NetName=E2 Pin=R5-1
Added Net: Name=E2
Added Pin To Net: NetName=NetL1_1 Pin=L1-1
Added Pin To Net: NetName=NetL1_1 Pin=R3-2
Added Net: Name=NetL1_1
Added Pin To Net: NetName=NetL2_1 Pin=L2-1
Added Pin To Net: NetName=NetL2_1 Pin=R4-2
Added Net: Name=NetL2_1
Added Pin To Net: NetName=NetL3_1 Pin=L3-1
Added Pin To Net: NetName=NetL3_1 Pin=R5-2
Added Net: Name=NetL3_1
Added Member To Class: ClassName=SCHEMATIC Member=Component ICSP Header6
Added Member To Class: ClassName=SCHEMATIC Member=Component L1 LED
Added Member To Class: ClassName=SCHEMATIC Member=Component L2 LED
Added Member To Class: ClassName=SCHEMATIC Member=Component L3 LED
Added Member To Class: ClassName=SCHEMATIC Member=Component R3 470
Added Member To Class: ClassName=SCHEMATIC Member=Component R4 470
Added Member To Class: ClassName=SCHEMATIC Member=Component R5 470
