Removed Pin From Net: NetName=C1 Pin=DS0-7
Removed Pin From Net: NetName=C0 Pin=DS0-8
Removed Pin From Net: NetName=C3 Pin=I2C_LCD-1
Removed Pin From Net: NetName=C4 Pin=I2C_LCD-2
Removed Pin From Net: NetName=A0 Pin=LM35-2
Removed Pin From Net: NetName=E0 Pin=R3-1
Removed Pin From Net: NetName=E1 Pin=R4-1
Removed Pin From Net: NetName=E2 Pin=R5-1
Removed Pin From Net: NetName=D0 Pin=R6-2
Removed Pin From Net: NetName=D1 Pin=R7-2
Removed Pin From Net: NetName=D2 Pin=R8-2
Removed Pin From Net: NetName=D3 Pin=R9-2
Removed Pin From Net: NetName=D4 Pin=R10-2
Removed Pin From Net: NetName=D5 Pin=R11-2
Removed Pin From Net: NetName=D6 Pin=R12-2
Removed Pin From Net: NetName=D7 Pin=R13-2
Removed Pin From Net: NetName=C2 Pin=SRF04-2
Removed Pin From Net: NetName=A2 Pin=SRF04-3
Removed Pin From Net: NetName=B0 Pin=SW2-1
Removed Pin From Net: NetName=B1 Pin=SW3-1
Removed Pin From Net: NetName=B2 Pin=SW4-1
Removed Pin From Net: NetName=B3 Pin=SW5-1
Removed Pin From Net: NetName=B4 Pin=SW6-1
Removed Pin From Net: NetName=B5 Pin=SW7-1
Removed Pin From Net: NetName=A1 Pin=TOUCH-2
Removed Pin From Net: NetName=A3 Pin=VR0-2
Added Component: Designator=JP0(JP2-D1T)
Added Component: Designator=JP1(JP2-D1T)
Added Component: Designator=JP2(JP2-D1T)
Added Component: Designator=JP3(JP2-D1T)
Added Component: Designator=JP4(JP2-D1T)
Added Component: Designator=JP5(JP2-D1T)
Added Component: Designator=JP6(JP2-D1T)
Added Component: Designator=JP7(JP2-D1T)
Added Component: Designator=JP8(JP2-D1T)
Added Component: Designator=JP9(JP2-D1T)
Added Component: Designator=JP10(JP2-D1T)
Added Component: Designator=JP11(JP2-D1T)
Added Component: Designator=JP12(JP2-D1T)
Added Component: Designator=JP13(JP2-D1T)
Added Component: Designator=JP14(JP2-D1T)
Added Component: Designator=JP15(JP2-D1T)
Added Component: Designator=JP16(JP2-D1T)
Added Component: Designator=JP17(JP2-D1T)
Added Component: Designator=JP18(JP2-D1T)
Added Component: Designator=JP19(JP2-D1T)
Added Component: Designator=JP20(JP2-D1T)
Added Component: Designator=JP21(JP2-D1T)
Added Component: Designator=JP22(JP2-D1T)
Added Component: Designator=JP23(JP2-D1T)
Added Component: Designator=JP24(JP2-D1T)
Added Component: Designator=JP25(JP2-D1T)
Added Pin To Net: NetName=E0 Pin=JP0-2
Added Pin To Net: NetName=E1 Pin=JP1-2
Added Pin To Net: NetName=E2 Pin=JP2-2
Added Pin To Net: NetName=B0 Pin=JP3-2
Added Pin To Net: NetName=B1 Pin=JP4-2
Added Pin To Net: NetName=B2 Pin=JP5-2
Added Pin To Net: NetName=B3 Pin=JP6-2
Added Pin To Net: NetName=B4 Pin=JP7-2
Added Pin To Net: NetName=B5 Pin=JP8-2
Added Pin To Net: NetName=A2 Pin=JP9-2
Added Pin To Net: NetName=C2 Pin=JP10-2
Added Pin To Net: NetName=A1 Pin=JP11-2
Added Pin To Net: NetName=C0 Pin=JP12-2
Added Pin To Net: NetName=C1 Pin=JP13-2
Added Pin To Net: NetName=D0 Pin=JP14-2
Added Pin To Net: NetName=D1 Pin=JP15-2
Added Pin To Net: NetName=D2 Pin=JP16-2
Added Pin To Net: NetName=D3 Pin=JP17-2
Added Pin To Net: NetName=D4 Pin=JP18-2
Added Pin To Net: NetName=D5 Pin=JP19-2
Added Pin To Net: NetName=D6 Pin=JP20-2
Added Pin To Net: NetName=D7 Pin=JP21-2
Added Pin To Net: NetName=C4 Pin=JP22-2
Added Pin To Net: NetName=C3 Pin=JP23-2
Added Pin To Net: NetName=A3 Pin=JP24-2
Added Pin To Net: NetName=A0 Pin=JP25-2
Added Pin To Net: NetName=NetDS0_7 Pin=DS0-7
Added Pin To Net: NetName=NetDS0_7 Pin=JP13-1
Added Net: Name=NetDS0_7
Added Pin To Net: NetName=NetDS0_8 Pin=DS0-8
Added Pin To Net: NetName=NetDS0_8 Pin=JP12-1
Added Net: Name=NetDS0_8
Added Pin To Net: NetName=NetI2C_LCD_1 Pin=I2C_LCD-1
Added Pin To Net: NetName=NetI2C_LCD_1 Pin=JP23-1
Added Net: Name=NetI2C_LCD_1
Added Pin To Net: NetName=NetI2C_LCD_2 Pin=I2C_LCD-2
Added Pin To Net: NetName=NetI2C_LCD_2 Pin=JP22-1
Added Net: Name=NetI2C_LCD_2
Added Pin To Net: NetName=NetJP0_1 Pin=JP0-1
Added Pin To Net: NetName=NetJP0_1 Pin=R3-1
Added Net: Name=NetJP0_1
Added Pin To Net: NetName=NetJP1_1 Pin=JP1-1
Added Pin To Net: NetName=NetJP1_1 Pin=R4-1
Added Net: Name=NetJP1_1
Added Pin To Net: NetName=NetJP2_1 Pin=JP2-1
Added Pin To Net: NetName=NetJP2_1 Pin=R5-1
Added Net: Name=NetJP2_1
Added Pin To Net: NetName=NetJP3_1 Pin=JP3-1
Added Pin To Net: NetName=NetJP3_1 Pin=SW2-1
Added Net: Name=NetJP3_1
Added Pin To Net: NetName=NetJP4_1 Pin=JP4-1
Added Pin To Net: NetName=NetJP4_1 Pin=SW3-1
Added Net: Name=NetJP4_1
Added Pin To Net: NetName=NetJP5_1 Pin=JP5-1
Added Pin To Net: NetName=NetJP5_1 Pin=SW4-1
Added Net: Name=NetJP5_1
Added Pin To Net: NetName=NetJP6_1 Pin=JP6-1
Added Pin To Net: NetName=NetJP6_1 Pin=SW5-1
Added Net: Name=NetJP6_1
Added Pin To Net: NetName=NetJP7_1 Pin=JP7-1
Added Pin To Net: NetName=NetJP7_1 Pin=SW6-1
Added Net: Name=NetJP7_1
Added Pin To Net: NetName=NetJP8_1 Pin=JP8-1
Added Pin To Net: NetName=NetJP8_1 Pin=SW7-1
Added Net: Name=NetJP8_1
Added Pin To Net: NetName=NetJP9_1 Pin=JP9-1
Added Pin To Net: NetName=NetJP9_1 Pin=SRF04-3
Added Net: Name=NetJP9_1
Added Pin To Net: NetName=NetJP10_1 Pin=JP10-1
Added Pin To Net: NetName=NetJP10_1 Pin=SRF04-2
Added Net: Name=NetJP10_1
Added Pin To Net: NetName=NetJP11_1 Pin=JP11-1
Added Pin To Net: NetName=NetJP11_1 Pin=TOUCH-2
Added Net: Name=NetJP11_1
Added Pin To Net: NetName=NetJP14_1 Pin=JP14-1
Added Pin To Net: NetName=NetJP14_1 Pin=R6-2
Added Net: Name=NetJP14_1
Added Pin To Net: NetName=NetJP15_1 Pin=JP15-1
Added Pin To Net: NetName=NetJP15_1 Pin=R7-2
Added Net: Name=NetJP15_1
Added Pin To Net: NetName=NetJP16_1 Pin=JP16-1
Added Pin To Net: NetName=NetJP16_1 Pin=R8-2
Added Net: Name=NetJP16_1
Added Pin To Net: NetName=NetJP17_1 Pin=JP17-1
Added Pin To Net: NetName=NetJP17_1 Pin=R9-2
Added Net: Name=NetJP17_1
Added Pin To Net: NetName=NetJP18_1 Pin=JP18-1
Added Pin To Net: NetName=NetJP18_1 Pin=R10-2
Added Net: Name=NetJP18_1
Added Pin To Net: NetName=NetJP19_1 Pin=JP19-1
Added Pin To Net: NetName=NetJP19_1 Pin=R11-2
Added Net: Name=NetJP19_1
Added Pin To Net: NetName=NetJP20_1 Pin=JP20-1
Added Pin To Net: NetName=NetJP20_1 Pin=R12-2
Added Net: Name=NetJP20_1
Added Pin To Net: NetName=NetJP21_1 Pin=JP21-1
Added Pin To Net: NetName=NetJP21_1 Pin=R13-2
Added Net: Name=NetJP21_1
Added Pin To Net: NetName=NetJP24_1 Pin=JP24-1
Added Pin To Net: NetName=NetJP24_1 Pin=VR0-2
Added Net: Name=NetJP24_1
Added Pin To Net: NetName=NetJP25_1 Pin=JP25-1
Added Pin To Net: NetName=NetJP25_1 Pin=LM35-2
Added Net: Name=NetJP25_1
Added Member To Class: ClassName=SCHEMATIC Member=Component JP0 JP2
Added Member To Class: ClassName=SCHEMATIC Member=Component JP1 JP2
Added Member To Class: ClassName=SCHEMATIC Member=Component JP2
Added Member To Class: ClassName=SCHEMATIC Member=Component JP3 JP2
Added Member To Class: ClassName=SCHEMATIC Member=Component JP4 JP2
Added Member To Class: ClassName=SCHEMATIC Member=Component JP5 JP2
Added Member To Class: ClassName=SCHEMATIC Member=Component JP6 JP2
Added Member To Class: ClassName=SCHEMATIC Member=Component JP7 JP2
Added Member To Class: ClassName=SCHEMATIC Member=Component JP8 JP2
Added Member To Class: ClassName=SCHEMATIC Member=Component JP9 JP2
Added Member To Class: ClassName=SCHEMATIC Member=Component JP10 JP2
Added Member To Class: ClassName=SCHEMATIC Member=Component JP11 JP2
Added Member To Class: ClassName=SCHEMATIC Member=Component JP12 JP2
Added Member To Class: ClassName=SCHEMATIC Member=Component JP13 JP2
Added Member To Class: ClassName=SCHEMATIC Member=Component JP14 JP2
Added Member To Class: ClassName=SCHEMATIC Member=Component JP15 JP2
Added Member To Class: ClassName=SCHEMATIC Member=Component JP16 JP2
Added Member To Class: ClassName=SCHEMATIC Member=Component JP17 JP2
Added Member To Class: ClassName=SCHEMATIC Member=Component JP18 JP2
Added Member To Class: ClassName=SCHEMATIC Member=Component JP19 JP2
Added Member To Class: ClassName=SCHEMATIC Member=Component JP20 JP2
Added Member To Class: ClassName=SCHEMATIC Member=Component JP21 JP2
Added Member To Class: ClassName=SCHEMATIC Member=Component JP22 JP2
Added Member To Class: ClassName=SCHEMATIC Member=Component JP23 JP2
Added Member To Class: ClassName=SCHEMATIC Member=Component JP24 JP2
Added Member To Class: ClassName=SCHEMATIC Member=Component JP25 JP2
Added Room: Name=SCHEMATIC
