Change Component Designator: OldDesignator=J1 NewDesignator=J26
Added Component: Designator=J2(JP20-D1T)
Added Component: Designator=J27(JP20-D1T)
Added Pin To Net: NetName=MCLR Pin=J2-1
Added Pin To Net: NetName=A0 Pin=J2-2
Added Pin To Net: NetName=A1 Pin=J2-3
Added Pin To Net: NetName=A2 Pin=J2-4
Added Pin To Net: NetName=A3 Pin=J2-5
Added Pin To Net: NetName=A4 Pin=J2-6
Added Pin To Net: NetName=A5 Pin=J2-7
Added Pin To Net: NetName=E0 Pin=J2-8
Added Pin To Net: NetName=E1 Pin=J2-9
Added Pin To Net: NetName=E2 Pin=J2-10
Added Pin To Net: NetName=5V Pin=J2-11
Added Pin To Net: NetName=GND Pin=J2-12
Added Pin To Net: NetName=OSC1 Pin=J2-13
Added Pin To Net: NetName=OSC2 Pin=J2-14
Added Pin To Net: NetName=C0 Pin=J2-15
Added Pin To Net: NetName=C1 Pin=J2-16
Added Pin To Net: NetName=C2 Pin=J2-17
Added Pin To Net: NetName=C3 Pin=J2-18
Added Pin To Net: NetName=D0 Pin=J2-19
Added Pin To Net: NetName=D1 Pin=J2-20
Added Pin To Net: NetName=D2 Pin=J27-1
Added Pin To Net: NetName=D3 Pin=J27-2
Added Pin To Net: NetName=C4 Pin=J27-3
Added Pin To Net: NetName=C5 Pin=J27-4
Added Pin To Net: NetName=TX_IN Pin=J27-5
Added Pin To Net: NetName=RX_IN Pin=J27-6
Added Pin To Net: NetName=D4 Pin=J27-7
Added Pin To Net: NetName=D5 Pin=J27-8
Added Pin To Net: NetName=D6 Pin=J27-9
Added Pin To Net: NetName=D7 Pin=J27-10
Added Pin To Net: NetName=GND Pin=J27-11
Added Pin To Net: NetName=5V Pin=J27-12
Added Pin To Net: NetName=B0 Pin=J27-13
Added Pin To Net: NetName=B1 Pin=J27-14
Added Pin To Net: NetName=B2 Pin=J27-15
Added Pin To Net: NetName=B3 Pin=J27-16
Added Pin To Net: NetName=B4 Pin=J27-17
Added Pin To Net: NetName=B5 Pin=J27-18
Added Pin To Net: NetName=PGC Pin=J27-19
Added Pin To Net: NetName=PGD Pin=J27-20
Added Member To Class: ClassName=SCHEMATIC Member=Component J2 JP20
Added Member To Class: ClassName=SCHEMATIC Member=Component J27 JP20
Added Room: Name=SCHEMATIC
