
ROM used: 881 (11%)
          881 (11%) including unused fragments

          1 Average locations per line
          8 Average locations per statement

RAM used: 23 (6%) at main() level
          46 (12%) worst case

Stack used: 6 worst case (out of 8 total available)

Lines Stmts  %   Files
----- ----- ---  -----
   51    38  33  BUTTON_B3-B5.c
  425     0   0  C:\Program Files (x86)\PICC\Devices\16F887.h
  184     0   0  C:\Program Files (x86)\PICC\Devices\def_887.h
  211    77  67  C:\Program Files (x86)\PICC\Devices\i2c_Flex_LCD.c
----- -----
  871   115 Total

Page ROM  %  RAM   Vol Diff  Functions:
---- --- --- ---   --- ----  ----------
0     20   2   1             @delay_ms1
0     92  10   1             @I2C_WRITE_1
0     10   1   1    63  2.3  lcd_backlight_led
0     81   9   3   574  5.9  i2c_send_nibble
0     82   9   3   149  2.8  lcd_send_byte
0     10   1   0    61  1.9  lcd_clear
0      8   1   0             @const236
0    128  15   5   902  5.8  lcd_init
0     56   6   7   681  8.0  lcd_gotoxy
0     38   4   1   310  5.9  LCD_PUTC
0    173  20   1  1151  4.3  MAIN
0      8   1   0             @const255
0     72   8   3             @PSTRINGC7_246
0     99  11   9             @PRINTF_LU_246

Program metrics:
    Functions               8
    Statements              115
    Comments                181
    Volume (V)              5643
    Difficilty (D)          37.3
    Effort to implement (E) 210750
    Time to implement (T)   3 hours, 15 minutes
    Est Delivered Bugs (B)  1
    Cyclomatic Complexity   22
    Maintainability (MI)    137

 Segment     Used  Free
-----------  ----  ----
00000-00003     4  0  
00004-007FF   877  1167  
00800-00FFF     0  2048  
01000-017FF     0  2048  
01800-01FFF     0  2048  



