
ROM used: 710 (9%)
          710 (9%) including unused fragments

          1 Average locations per line
          8 Average locations per statement

RAM used: 14 (4%) at main() level
          38 (10%) worst case

Stack used: 6 worst case (out of 8 total available)

Lines Stmts  %   Files
----- ----- ---  -----
   31    13  14  UART_Slave.c
  326     0   0  C:\Program Files (x86)\PICC\Devices\16f877A.h
  184     0   0  C:\Program Files (x86)\PICC\Devices\def_877a.h
  211    77  86  C:\Program Files (x86)\PICC\Devices\i2c_Flex_LCD.c
----- -----
  752    90 Total

Page ROM  %  RAM   Vol Diff  Functions:
---- --- --- ---   --- ----  ----------
0     20   3   1             @delay_ms1
0     92  13   1             @I2C_WRITE_1
0     10   1   1    63  2.3  lcd_backlight_led
0     81  11   3   574  5.9  i2c_send_nibble
0     82  12   3   149  2.8  lcd_send_byte
0     10   1   0    61  1.9  lcd_clear
0      8   1   0             @const240
0    128  18   5   902  5.8  lcd_init
0     56   8   7   681  8.0  lcd_gotoxy
0     38   5   1   310  5.9  LCD_PUTC
0     80  11   0   323  3.2  MAIN
0    101  14   9             @PRINTF_LU_250

Program metrics:
    Functions               8
    Statements              90
    Comments                171
    Volume (V)              4536
    Difficilty (D)          36.3
    Effort to implement (E) 164805
    Time to implement (T)   2 hours, 33 minutes
    Est Delivered Bugs (B)  1
    Cyclomatic Complexity   18
    Maintainability (MI)    137

 Segment     Used  Free
-----------  ----  ----
00000-00003     4  0  
00004-007FF   706  1338  
00800-00FFF     0  2048  
01000-017FF     0  2048  
01800-01FFF     0  2048  



