
ROM used: 327 (4%)
          327 (4%) including unused fragments

          0 Average locations per line
          27 Average locations per statement

RAM used: 8 (2%) at main() level
          11 (3%) worst case

Stack used: 1 worst case (out of 8 total available)

Lines Stmts  %   Files
----- ----- ---  -----
   50    12 100  UART_Master.c
  425     0   0  C:\Program Files (x86)\PICC\Devices\16F887.h
  184     0   0  C:\Program Files (x86)\PICC\Devices\def_887.h
----- -----
  659    12 Total

Page ROM  %  RAM   Vol Diff  Functions:
---- --- --- ---   --- ----  ----------
0     71  22   3             @I2C_READ_1
0     74  23   1             @I2C_WRITE_1
0     20   6   1             @delay_ms1
0    158  48   0   212  2.3  main

Program metrics:
    Functions               1
    Statements              12
    Comments                125
    Volume (V)              219
    Difficilty (D)          2.0
    Effort to implement (E) 433
    Time to implement (T)   0 minutes
    Est Delivered Bugs (B)  0
    Cyclomatic Complexity   1
    Maintainability (MI)    53

 Segment     Used  Free
-----------  ----  ----
00000-00003     4  0  
00004-007FF   323  1721  
00800-00FFF     0  2048  
01000-017FF     0  2048  
01800-01FFF     0  2048  



