
ROM used: 89 (1%)
          89 (1%) including unused fragments

          0 Average locations per line
          5 Average locations per statement

RAM used: 5 (1%) at main() level
          6 (2%) worst case

Stack used: 1 worst case (out of 8 total available)

Lines Stmts  %   Files
----- ----- ---  -----
   28    18 100  LED_DON.c
  298     0   0  C:\Program Files (x86)\PICC\Devices\16f877.h
  184     0   0  C:\Program Files (x86)\PICC\Drivers\def_877a.h
----- -----
  510    18 Total

Page ROM  %  RAM   Vol Diff  Functions:
---- --- --- ---   --- ----  ----------
0     20  22   1             @delay_ms1
0     65  73   0   373  2.4  main

Program metrics:
    Functions               1
    Statements              18
    Comments                79
    Volume (V)              375
    Difficilty (D)          2.3
    Effort to implement (E) 859
    Time to implement (T)   1 minutes
    Est Delivered Bugs (B)  0
    Cyclomatic Complexity   1
    Maintainability (MI)    140

 Segment     Used  Free
-----------  ----  ----
00000-00003     4  0  
00004-007FF    85  1959  
00800-00FFF     0  2048  
01000-017FF     0  2048  
01800-01FFF     0  2048  



