
ROM used: 638 (8%)
          638 (8%) including unused fragments

          1 Average locations per line
          7 Average locations per statement

RAM used: 21 (6%) at main() level
          36 (10%) worst case

Stack used: 6 worst case (out of 8 total available)

Lines Stmts  %   Files
----- ----- ---  -----
   31    13  14  UART_CHUOI.c
  326     0   0  C:\Program Files (x86)\PICC\Devices\16F877a.h
  184     0   0  C:\Program Files (x86)\PICC\Devices\DEF877A.H
  211    77  86  C:\Program Files (x86)\PICC\Devices\i2c_Flex_LCD.c
----- -----
  752    90 Total

Page ROM  %  RAM   Vol Diff  Functions:
---- --- --- ---   --- ----  ----------
0     20   3   1             @delay_ms1
0     92  14   1             @I2C_WRITE_1
0     10   2   1    63  2.3  lcd_backlight_led
0     81  13   3   574  5.9  i2c_send_nibble
0     82  13   3   149  2.8  lcd_send_byte
0     10   2   0    61  1.9  lcd_clear
0      8   1   0             @const240
0    128  20   5   902  5.8  lcd_init
 Inline        7   681  8.0  lcd_gotoxy
0     94  15   1   310  5.9  LCD_PUTC
0     14   2   0    54  1.5  serial_isr
0     50   8   0   216  3.5  MAIN

Program metrics:
    Functions               9
    Statements              90
    Comments                171
    Volume (V)              4520
    Difficilty (D)          38.6
    Effort to implement (E) 174280
    Time to implement (T)   2 hours, 41 minutes
    Est Delivered Bugs (B)  1
    Cyclomatic Complexity   18
    Maintainability (MI)    124

 Segment     Used  Free
-----------  ----  ----
00000-00003     4  0  
00004-00030    45  0  
00031-007FF   589  1410  
00800-00FFF     0  2048  
01000-017FF     0  2048  
01800-01FFF     0  2048  



